2022-05-17 15:58:30 INFO  Log:65 - =====================================verifyLogo TEST START=========================================
2022-05-17 15:58:31 INFO  Log:65 - =====================================verifyLogo TEST END=========================================
2022-05-17 15:58:47 INFO  Log:65 - =====================================verifyTitle TEST START=========================================
2022-05-17 15:59:51 INFO  Log:65 - =====================================verifyLogo TEST START=========================================
2022-05-17 15:59:51 INFO  Log:65 - =====================================verifyLogo TEST END=========================================
2022-05-17 16:00:04 INFO  Log:65 - =====================================verifyTitle TEST START=========================================
2022-05-17 16:00:04 INFO  Log:65 - =====================================verifyTitle TEST END=========================================
2022-05-17 17:07:58 INFO  Log:65 - =====================================loginTest TEST START=========================================
2022-05-17 17:07:58 INFO  Log:65 - user is going to click on SignIn
2022-05-17 17:08:30 INFO  Log:65 - Enter Username and Password
2022-05-17 17:08:52 INFO  Log:65 - Verifying if user is able to login
2022-05-17 17:08:52 INFO  Log:65 - Login is Sucess
2022-05-17 17:08:52 INFO  Log:65 - =====================================loginTest TEST END=========================================
2022-05-17 19:21:43 INFO  Log:65 - =====================================loginTest TEST START=========================================
2022-05-17 19:21:45 INFO  Log:65 - user is going to click on SignIn
2022-05-17 19:21:56 INFO  Log:65 - Enter Username and Password
2022-05-17 19:22:15 INFO  Log:65 - Verifying if user is able to login
2022-05-17 19:22:15 INFO  Log:65 - Login is Sucess
2022-05-17 19:22:15 INFO  Log:65 - =====================================loginTest TEST END=========================================
2022-05-17 20:04:40 INFO  Log:65 - =====================================createAccountTest TEST START=========================================
2022-05-17 20:05:24 INFO  Log:65 - =====================================createAccountTest TEST START=========================================
2022-05-17 20:06:13 INFO  Log:65 - =====================================createAccountTest TEST START=========================================
2022-05-17 20:06:42 INFO  Log:65 - =====================================verifyCreateAccountPageTest TEST START=========================================
2022-05-17 20:07:18 INFO  Log:65 - =====================================addToCartTest TEST START=========================================
2022-05-17 20:07:34 INFO  Log:65 - =====================================orderHistoryandDetailsTest TEST START=========================================
2022-05-17 20:08:04 INFO  Log:65 - =====================================wishListTest TEST START=========================================
2022-05-17 20:08:51 INFO  Log:65 - =====================================wishListTest TEST END=========================================
2022-05-17 20:09:03 INFO  Log:65 - =====================================verifyTotalPrice TEST START=========================================
2022-05-17 20:10:03 INFO  Log:65 - =====================================verifyTotalPrice TEST END=========================================
2022-05-17 20:10:22 INFO  Log:65 - =====================================productAvailabilityTest TEST START=========================================
2022-05-17 20:10:37 INFO  Log:65 - =====================================productAvailabilityTest TEST END=========================================
2022-05-17 20:10:58 INFO  Log:65 - =====================================loginTest TEST START=========================================
2022-05-17 20:10:58 INFO  Log:65 - user is going to click on SignIn
2022-05-17 20:11:28 INFO  Log:65 - Enter Username and Password
2022-05-17 20:11:39 INFO  Log:65 - Verifying if user is able to login
2022-05-17 20:11:39 INFO  Log:65 - Login is Sucess
2022-05-17 20:11:39 INFO  Log:65 - =====================================loginTest TEST END=========================================
2022-05-17 20:12:00 INFO  Log:65 - =====================================verifyLogo TEST START=========================================
2022-05-17 20:12:00 INFO  Log:65 - =====================================verifyLogo TEST END=========================================
2022-05-17 20:12:17 INFO  Log:65 - =====================================verifyTitle TEST START=========================================
2022-05-17 20:12:17 INFO  Log:65 - =====================================verifyTitle TEST END=========================================
2022-05-17 20:12:32 INFO  Log:65 - =====================================endToEndTest TEST START=========================================
2022-05-17 22:34:23 INFO  Log:65 - =====================================verifyTotalPrice TEST START=========================================
2022-05-17 22:34:42 INFO  Log:65 - =====================================verifyTotalPrice TEST END=========================================
2022-05-17 22:34:53 INFO  Log:65 - =====================================productAvailabilityTest TEST START=========================================
2022-05-17 22:35:02 INFO  Log:65 - =====================================productAvailabilityTest TEST END=========================================
2022-05-17 22:35:16 INFO  Log:65 - =====================================loginTest TEST START=========================================
2022-05-17 22:35:16 INFO  Log:65 - user is going to click on SignIn
2022-05-17 22:35:34 INFO  Log:65 - Enter Username and Password
2022-05-17 22:35:48 INFO  Log:65 - Verifying if user is able to login
2022-05-17 22:35:48 INFO  Log:65 - Login is Sucess
2022-05-17 22:35:48 INFO  Log:65 - =====================================loginTest TEST END=========================================
2022-05-17 22:36:07 INFO  Log:65 - =====================================verifyLogo TEST START=========================================
2022-05-17 22:36:07 INFO  Log:65 - =====================================verifyLogo TEST END=========================================
2022-05-17 22:36:26 INFO  Log:65 - =====================================verifyTitle TEST START=========================================
2022-05-17 22:36:26 INFO  Log:65 - =====================================verifyTitle TEST END=========================================
2022-05-17 22:36:40 INFO  Log:65 - =====================================endToEndTest TEST START=========================================
2022-05-17 22:37:42 INFO  Log:65 - =====================================endToEndTest TEST END=========================================
2022-05-17 22:38:43 INFO  Log:65 - =====================================createAccountTest TEST START=========================================
2022-05-17 22:39:27 INFO  Log:65 - =====================================createAccountTest TEST START=========================================
2022-05-17 22:39:55 INFO  Log:65 - =====================================createAccountTest TEST START=========================================
2022-05-17 22:40:31 INFO  Log:65 - =====================================verifyCreateAccountPageTest TEST START=========================================
2022-05-17 22:41:08 INFO  Log:65 - =====================================addToCartTest TEST START=========================================
2022-05-17 22:41:28 INFO  Log:65 - =====================================addToCartTest TEST END=========================================
2022-05-17 22:41:47 INFO  Log:65 - =====================================orderHistoryandDetailsTest TEST START=========================================
2022-05-17 22:42:24 INFO  Log:65 - =====================================orderHistoryandDetailsTest TEST END=========================================
2022-05-17 22:42:40 INFO  Log:65 - =====================================wishListTest TEST START=========================================
2022-05-17 22:43:12 INFO  Log:65 - =====================================wishListTest TEST END=========================================
2022-05-17 22:45:29 INFO  Log:65 - =====================================orderHistoryandDetailsTest TEST START=========================================
2022-05-17 22:45:55 INFO  Log:65 - =====================================orderHistoryandDetailsTest TEST END=========================================
2022-05-17 22:46:05 INFO  Log:65 - =====================================wishListTest TEST START=========================================
2022-05-17 22:46:18 INFO  Log:65 - =====================================wishListTest TEST END=========================================
2022-05-17 22:47:24 INFO  Log:65 - =====================================createAccountTest TEST START=========================================
2022-05-17 22:47:43 INFO  Log:65 - =====================================createAccountTest TEST START=========================================
2022-05-17 22:47:59 INFO  Log:65 - =====================================createAccountTest TEST START=========================================
2022-05-17 22:48:13 INFO  Log:65 - =====================================verifyCreateAccountPageTest TEST START=========================================
2022-05-17 22:52:30 INFO  Log:65 - =====================================createAccountTest TEST START=========================================
2022-05-17 22:52:52 INFO  Log:65 - =====================================createAccountTest TEST START=========================================
2022-05-17 22:53:12 INFO  Log:65 - =====================================createAccountTest TEST START=========================================
2022-05-17 22:53:35 INFO  Log:65 - =====================================verifyCreateAccountPageTest TEST START=========================================
2022-05-17 22:57:50 INFO  Log:65 - =====================================createAccountTest TEST START=========================================
2022-05-17 22:58:08 INFO  Log:65 - =====================================createAccountTest TEST START=========================================
2022-05-17 22:58:23 INFO  Log:65 - =====================================createAccountTest TEST START=========================================
2022-05-17 22:58:56 INFO  Log:65 - =====================================verifyCreateAccountPageTest TEST START=========================================
2022-05-17 23:05:13 INFO  Log:65 - =====================================orderHistoryandDetailsTest TEST START=========================================
2022-05-17 23:05:45 INFO  Log:65 - =====================================orderHistoryandDetailsTest TEST END=========================================
2022-05-17 23:06:01 INFO  Log:65 - =====================================wishListTest TEST START=========================================
2022-05-17 23:06:31 INFO  Log:65 - =====================================wishListTest TEST END=========================================
2022-05-17 23:07:44 INFO  Log:65 - =====================================addToCartTest TEST START=========================================
2022-05-17 23:08:16 INFO  Log:65 - =====================================addToCartTest TEST END=========================================
2022-05-17 23:12:07 INFO  Log:65 - =====================================createAccountTest TEST START=========================================
2022-05-17 23:12:48 INFO  Log:65 - =====================================createAccountTest TEST START=========================================
2022-05-17 23:13:19 INFO  Log:65 - =====================================createAccountTest TEST START=========================================
2022-05-17 23:13:40 INFO  Log:65 - =====================================verifyCreateAccountPageTest TEST START=========================================
2022-05-17 23:17:25 INFO  Log:65 - =====================================verifyCreateAccountPageTest TEST START=========================================
2022-05-17 23:30:32 INFO  Log:65 - =====================================loginTest TEST START=========================================
2022-05-17 23:30:32 INFO  Log:65 - user is going to click on SignIn
2022-05-17 23:30:56 INFO  Log:65 - Enter Username and Password
2022-05-17 23:31:06 INFO  Log:65 - Verifying if user is able to login
2022-05-17 23:31:06 INFO  Log:65 - Login is Sucess
2022-05-17 23:31:06 INFO  Log:65 - =====================================loginTest TEST END=========================================
2022-05-18 12:48:00 INFO  Log:65 - =====================================verifyCreateAccountPageTest TEST START=========================================
2022-05-18 12:50:44 INFO  Log:65 - =====================================verifyCreateAccountPageTest TEST START=========================================
2022-05-18 12:53:43 INFO  Log:65 - =====================================verifyCreateAccountPageTest TEST START=========================================
2022-05-18 13:14:23 INFO  Log:65 - =====================================verifyCreateAccountPageTest TEST START=========================================
2022-05-18 13:14:29 INFO  Log:65 - =====================================verifyCreateAccountPageTest TEST END=========================================
2022-05-18 13:15:03 INFO  Log:65 - =====================================verifyCreateAccountPageTest TEST START=========================================
2022-05-18 13:15:13 INFO  Log:65 - =====================================verifyCreateAccountPageTest TEST END=========================================
2022-05-18 13:42:54 INFO  Log:65 - =====================================verifyCreateAccountPageTest TEST START=========================================
2022-05-18 13:43:26 INFO  Log:65 - =====================================verifyCreateAccountPageTest TEST START=========================================
2022-05-18 13:43:49 INFO  Log:65 - =====================================verifyCreateAccountPageTest TEST START=========================================
2022-05-18 13:49:17 INFO  Log:65 - =====================================verifyCreateAccountPageTest TEST START=========================================
2022-05-18 13:49:38 INFO  Log:65 - =====================================verifyCreateAccountPageTest TEST START=========================================
2022-05-18 13:50:05 INFO  Log:65 - =====================================verifyCreateAccountPageTest TEST START=========================================
2022-05-18 16:18:37 INFO  Log:65 - =====================================createAccountTest TEST START=========================================
2022-05-18 16:18:58 INFO  Log:65 - =====================================createAccountTest TEST START=========================================
2022-05-18 16:19:17 INFO  Log:65 - =====================================createAccountTest TEST START=========================================
2022-05-18 16:27:43 INFO  Log:65 - =====================================createAccountTest TEST START=========================================
2022-05-18 16:28:02 INFO  Log:65 - =====================================createAccountTest TEST START=========================================
2022-05-18 16:28:20 INFO  Log:65 - =====================================createAccountTest TEST START=========================================
2022-05-18 16:30:55 INFO  Log:65 - =====================================createAccountTest TEST START=========================================
2022-05-18 16:31:36 INFO  Log:65 - =====================================createAccountTest TEST START=========================================
2022-05-18 16:31:54 INFO  Log:65 - =====================================createAccountTest TEST START=========================================
2022-05-18 16:33:05 INFO  Log:65 - =====================================createAccountTest TEST START=========================================
2022-05-18 16:33:19 INFO  Log:65 - =====================================createAccountTest TEST START=========================================
2022-05-18 16:33:34 INFO  Log:65 - =====================================createAccountTest TEST START=========================================
2022-05-18 16:45:50 INFO  Log:65 - =====================================createAccountTest TEST START=========================================
2022-05-18 16:46:24 INFO  Log:65 - =====================================createAccountTest TEST START=========================================
2022-05-18 16:47:03 INFO  Log:65 - =====================================createAccountTest TEST START=========================================
2022-05-18 16:53:52 INFO  Log:65 - =====================================createAccountTest TEST START=========================================
2022-05-18 16:54:15 INFO  Log:65 - =====================================createAccountTest TEST START=========================================
2022-05-18 16:57:14 INFO  Log:65 - =====================================createAccountTest TEST START=========================================
2022-05-18 17:02:39 INFO  Log:65 - =====================================createAccountTest TEST START=========================================
2022-05-18 17:03:04 INFO  Log:65 - =====================================createAccountTest TEST START=========================================
2022-05-18 17:03:17 INFO  Log:65 - =====================================createAccountTest TEST START=========================================
2022-05-18 17:10:15 INFO  Log:65 - =====================================verifyCreateAccountPageTest TEST START=========================================
2022-05-18 17:10:21 INFO  Log:65 - =====================================verifyCreateAccountPageTest TEST END=========================================
2022-05-18 18:14:49 INFO  Log:65 - =====================================createAccountTest TEST START=========================================
2022-05-18 18:15:09 INFO  Log:65 - =====================================createAccountTest TEST START=========================================
2022-05-18 18:17:58 INFO  Log:65 - =====================================createAccountTest TEST START=========================================
2022-05-18 18:18:19 INFO  Log:65 - =====================================createAccountTest TEST START=========================================
2022-05-18 18:18:44 INFO  Log:65 - =====================================createAccountTest TEST START=========================================
2022-05-18 18:21:13 INFO  Log:65 - =====================================createAccountTest TEST START=========================================
2022-05-18 18:22:07 INFO  Log:65 - =====================================createAccountTest TEST START=========================================
2022-05-18 18:22:59 INFO  Log:65 - =====================================createAccountTest TEST START=========================================
2022-05-18 22:13:59 INFO  Log:65 - =====================================orderHistoryandDetailsTest TEST START=========================================
2022-05-18 22:14:06 INFO  Log:65 - =====================================wishListTest TEST START=========================================
2022-05-18 22:14:38 INFO  Log:65 - =====================================verifyTotalPrice TEST START=========================================
2022-05-18 22:14:58 INFO  Log:65 - =====================================productAvailabilityTest TEST START=========================================
2022-05-18 22:15:17 INFO  Log:65 - =====================================loginTest TEST START=========================================
2022-05-18 22:15:17 INFO  Log:65 - user is going to click on SignIn
2022-05-18 22:15:22 INFO  Log:65 - =====================================verifyCreateAccountPageTest TEST START=========================================
2022-05-18 22:17:04 DEBUG cache:45 - Couldn't find template in cache for "v3html/v3-html-index.ftl"("en", UTF-8, parsed); will try to load it.
2022-05-18 22:17:04 DEBUG cache:45 - TemplateLoader.findTemplateSource("v3html/v3-html-index_en.ftl"): Not found
2022-05-18 22:17:04 DEBUG cache:45 - TemplateLoader.findTemplateSource("v3html/v3-html-index.ftl"): Found
2022-05-18 22:17:04 DEBUG cache:45 - Loading template for "v3html/v3-html-index.ftl"("en", UTF-8, parsed) from "jar:file:/C:/Users/nagin/.m2/repository/com/aventstack/extentreports/4.0.9/extentreports-4.0.9.jar!/com/aventstack/extentreports/view/v3html/v3-html-index.ftl"
2022-05-18 22:17:04 DEBUG cache:45 - Couldn't find template in cache for "v3html/v3-html-head.ftl"("en", UTF-8, parsed); will try to load it.
2022-05-18 22:17:04 DEBUG cache:45 - TemplateLoader.findTemplateSource("v3html/v3-html-head_en.ftl"): Not found
2022-05-18 22:17:04 DEBUG cache:45 - TemplateLoader.findTemplateSource("v3html/v3-html-head.ftl"): Found
2022-05-18 22:17:04 DEBUG cache:45 - Loading template for "v3html/v3-html-head.ftl"("en", UTF-8, parsed) from "jar:file:/C:/Users/nagin/.m2/repository/com/aventstack/extentreports/4.0.9/extentreports-4.0.9.jar!/com/aventstack/extentreports/view/v3html/v3-html-head.ftl"
2022-05-18 22:17:04 DEBUG cache:45 - Couldn't find template in cache for "v3html/v3-html-nav.ftl"("en", UTF-8, parsed); will try to load it.
2022-05-18 22:17:04 DEBUG cache:45 - TemplateLoader.findTemplateSource("v3html/v3-html-nav_en.ftl"): Not found
2022-05-18 22:17:04 DEBUG cache:45 - TemplateLoader.findTemplateSource("v3html/v3-html-nav.ftl"): Found
2022-05-18 22:17:04 DEBUG cache:45 - Loading template for "v3html/v3-html-nav.ftl"("en", UTF-8, parsed) from "jar:file:/C:/Users/nagin/.m2/repository/com/aventstack/extentreports/4.0.9/extentreports-4.0.9.jar!/com/aventstack/extentreports/view/v3html/v3-html-nav.ftl"
2022-05-18 22:17:04 DEBUG cache:45 - Couldn't find template in cache for "v3html/test-view/v3-html-test-view.ftl"("en", UTF-8, parsed); will try to load it.
2022-05-18 22:17:04 DEBUG cache:45 - TemplateLoader.findTemplateSource("v3html/test-view/v3-html-test-view_en.ftl"): Not found
2022-05-18 22:17:04 DEBUG cache:45 - TemplateLoader.findTemplateSource("v3html/test-view/v3-html-test-view.ftl"): Found
2022-05-18 22:17:04 DEBUG cache:45 - Loading template for "v3html/test-view/v3-html-test-view.ftl"("en", UTF-8, parsed) from "jar:file:/C:/Users/nagin/.m2/repository/com/aventstack/extentreports/4.0.9/extentreports-4.0.9.jar!/com/aventstack/extentreports/view/v3html/test-view/v3-html-test-view.ftl"
2022-05-18 22:17:04 DEBUG cache:45 - Couldn't find template in cache for "v3html/test-view/v3-html-test-view-charts.ftl"("en", UTF-8, parsed); will try to load it.
2022-05-18 22:17:04 DEBUG cache:45 - TemplateLoader.findTemplateSource("v3html/test-view/v3-html-test-view-charts_en.ftl"): Not found
2022-05-18 22:17:04 DEBUG cache:45 - TemplateLoader.findTemplateSource("v3html/test-view/v3-html-test-view-charts.ftl"): Found
2022-05-18 22:17:04 DEBUG cache:45 - Loading template for "v3html/test-view/v3-html-test-view-charts.ftl"("en", UTF-8, parsed) from "jar:file:/C:/Users/nagin/.m2/repository/com/aventstack/extentreports/4.0.9/extentreports-4.0.9.jar!/com/aventstack/extentreports/view/v3html/test-view/v3-html-test-view-charts.ftl"
2022-05-18 22:17:04 DEBUG cache:45 - Couldn't find template in cache for "v3html/test-view/v3-html-standard.ftl"("en", UTF-8, parsed); will try to load it.
2022-05-18 22:17:04 DEBUG cache:45 - TemplateLoader.findTemplateSource("v3html/test-view/v3-html-standard_en.ftl"): Not found
2022-05-18 22:17:04 DEBUG cache:45 - TemplateLoader.findTemplateSource("v3html/test-view/v3-html-standard.ftl"): Found
2022-05-18 22:17:04 DEBUG cache:45 - Loading template for "v3html/test-view/v3-html-standard.ftl"("en", UTF-8, parsed) from "jar:file:/C:/Users/nagin/.m2/repository/com/aventstack/extentreports/4.0.9/extentreports-4.0.9.jar!/com/aventstack/extentreports/view/v3html/test-view/v3-html-standard.ftl"
2022-05-18 22:17:04 DEBUG cache:45 - "v3html/test-view/v3-html-standard.ftl"("en", UTF-8, parsed) cached copy not yet stale; using cached.
2022-05-18 22:17:04 DEBUG cache:45 - "v3html/test-view/v3-html-standard.ftl"("en", UTF-8, parsed) cached copy not yet stale; using cached.
2022-05-18 22:17:04 DEBUG cache:45 - Couldn't find template in cache for "v3html/category-view/v3-html-category-view.ftl"("en", UTF-8, parsed); will try to load it.
2022-05-18 22:17:04 DEBUG cache:45 - TemplateLoader.findTemplateSource("v3html/category-view/v3-html-category-view_en.ftl"): Not found
2022-05-18 22:17:04 DEBUG cache:45 - TemplateLoader.findTemplateSource("v3html/category-view/v3-html-category-view.ftl"): Found
2022-05-18 22:17:04 DEBUG cache:45 - Loading template for "v3html/category-view/v3-html-category-view.ftl"("en", UTF-8, parsed) from "jar:file:/C:/Users/nagin/.m2/repository/com/aventstack/extentreports/4.0.9/extentreports-4.0.9.jar!/com/aventstack/extentreports/view/v3html/category-view/v3-html-category-view.ftl"
2022-05-18 22:17:04 DEBUG cache:45 - Couldn't find template in cache for "v3html/exception-view/v3-html-exception-view.ftl"("en", UTF-8, parsed); will try to load it.
2022-05-18 22:17:04 DEBUG cache:45 - TemplateLoader.findTemplateSource("v3html/exception-view/v3-html-exception-view_en.ftl"): Not found
2022-05-18 22:17:04 DEBUG cache:45 - TemplateLoader.findTemplateSource("v3html/exception-view/v3-html-exception-view.ftl"): Found
2022-05-18 22:17:04 DEBUG cache:45 - Loading template for "v3html/exception-view/v3-html-exception-view.ftl"("en", UTF-8, parsed) from "jar:file:/C:/Users/nagin/.m2/repository/com/aventstack/extentreports/4.0.9/extentreports-4.0.9.jar!/com/aventstack/extentreports/view/v3html/exception-view/v3-html-exception-view.ftl"
2022-05-18 22:17:04 DEBUG cache:45 - Couldn't find template in cache for "v3html/author-view/v3-html-author-view.ftl"("en", UTF-8, parsed); will try to load it.
2022-05-18 22:17:04 DEBUG cache:45 - TemplateLoader.findTemplateSource("v3html/author-view/v3-html-author-view_en.ftl"): Not found
2022-05-18 22:17:04 DEBUG cache:45 - TemplateLoader.findTemplateSource("v3html/author-view/v3-html-author-view.ftl"): Found
2022-05-18 22:17:04 DEBUG cache:45 - Loading template for "v3html/author-view/v3-html-author-view.ftl"("en", UTF-8, parsed) from "jar:file:/C:/Users/nagin/.m2/repository/com/aventstack/extentreports/4.0.9/extentreports-4.0.9.jar!/com/aventstack/extentreports/view/v3html/author-view/v3-html-author-view.ftl"
2022-05-18 22:17:04 DEBUG cache:45 - Couldn't find template in cache for "v3html/dashboard-view/v3-html-dashboard-view.ftl"("en", UTF-8, parsed); will try to load it.
2022-05-18 22:17:04 DEBUG cache:45 - TemplateLoader.findTemplateSource("v3html/dashboard-view/v3-html-dashboard-view_en.ftl"): Not found
2022-05-18 22:17:04 DEBUG cache:45 - TemplateLoader.findTemplateSource("v3html/dashboard-view/v3-html-dashboard-view.ftl"): Found
2022-05-18 22:17:04 DEBUG cache:45 - Loading template for "v3html/dashboard-view/v3-html-dashboard-view.ftl"("en", UTF-8, parsed) from "jar:file:/C:/Users/nagin/.m2/repository/com/aventstack/extentreports/4.0.9/extentreports-4.0.9.jar!/com/aventstack/extentreports/view/v3html/dashboard-view/v3-html-dashboard-view.ftl"
2022-05-18 22:17:04 DEBUG cache:45 - Couldn't find template in cache for "v3html/logs-view/v3-html-testrunner-logs-view.ftl"("en", UTF-8, parsed); will try to load it.
2022-05-18 22:17:04 DEBUG cache:45 - TemplateLoader.findTemplateSource("v3html/logs-view/v3-html-testrunner-logs-view_en.ftl"): Not found
2022-05-18 22:17:04 DEBUG cache:45 - TemplateLoader.findTemplateSource("v3html/logs-view/v3-html-testrunner-logs-view.ftl"): Found
2022-05-18 22:17:04 DEBUG cache:45 - Loading template for "v3html/logs-view/v3-html-testrunner-logs-view.ftl"("en", UTF-8, parsed) from "jar:file:/C:/Users/nagin/.m2/repository/com/aventstack/extentreports/4.0.9/extentreports-4.0.9.jar!/com/aventstack/extentreports/view/v3html/logs-view/v3-html-testrunner-logs-view.ftl"
2022-05-18 22:20:15 DEBUG cache:45 - Couldn't find template in cache for "v3html/v3-html-index.ftl"("en", UTF-8, parsed); will try to load it.
2022-05-18 22:20:15 DEBUG cache:45 - TemplateLoader.findTemplateSource("v3html/v3-html-index_en.ftl"): Not found
2022-05-18 22:20:15 DEBUG cache:45 - TemplateLoader.findTemplateSource("v3html/v3-html-index.ftl"): Found
2022-05-18 22:20:15 DEBUG cache:45 - Loading template for "v3html/v3-html-index.ftl"("en", UTF-8, parsed) from "jar:file:/C:/Users/nagin/.m2/repository/com/aventstack/extentreports/4.0.9/extentreports-4.0.9.jar!/com/aventstack/extentreports/view/v3html/v3-html-index.ftl"
2022-05-18 22:20:16 DEBUG cache:45 - Couldn't find template in cache for "v3html/v3-html-head.ftl"("en", UTF-8, parsed); will try to load it.
2022-05-18 22:20:16 DEBUG cache:45 - TemplateLoader.findTemplateSource("v3html/v3-html-head_en.ftl"): Not found
2022-05-18 22:20:16 DEBUG cache:45 - TemplateLoader.findTemplateSource("v3html/v3-html-head.ftl"): Found
2022-05-18 22:20:16 DEBUG cache:45 - Loading template for "v3html/v3-html-head.ftl"("en", UTF-8, parsed) from "jar:file:/C:/Users/nagin/.m2/repository/com/aventstack/extentreports/4.0.9/extentreports-4.0.9.jar!/com/aventstack/extentreports/view/v3html/v3-html-head.ftl"
2022-05-18 22:20:16 DEBUG cache:45 - Couldn't find template in cache for "v3html/v3-html-nav.ftl"("en", UTF-8, parsed); will try to load it.
2022-05-18 22:20:16 DEBUG cache:45 - TemplateLoader.findTemplateSource("v3html/v3-html-nav_en.ftl"): Not found
2022-05-18 22:20:16 DEBUG cache:45 - TemplateLoader.findTemplateSource("v3html/v3-html-nav.ftl"): Found
2022-05-18 22:20:16 DEBUG cache:45 - Loading template for "v3html/v3-html-nav.ftl"("en", UTF-8, parsed) from "jar:file:/C:/Users/nagin/.m2/repository/com/aventstack/extentreports/4.0.9/extentreports-4.0.9.jar!/com/aventstack/extentreports/view/v3html/v3-html-nav.ftl"
2022-05-18 22:20:16 DEBUG cache:45 - Couldn't find template in cache for "v3html/test-view/v3-html-test-view.ftl"("en", UTF-8, parsed); will try to load it.
2022-05-18 22:20:16 DEBUG cache:45 - TemplateLoader.findTemplateSource("v3html/test-view/v3-html-test-view_en.ftl"): Not found
2022-05-18 22:20:16 DEBUG cache:45 - TemplateLoader.findTemplateSource("v3html/test-view/v3-html-test-view.ftl"): Found
2022-05-18 22:20:16 DEBUG cache:45 - Loading template for "v3html/test-view/v3-html-test-view.ftl"("en", UTF-8, parsed) from "jar:file:/C:/Users/nagin/.m2/repository/com/aventstack/extentreports/4.0.9/extentreports-4.0.9.jar!/com/aventstack/extentreports/view/v3html/test-view/v3-html-test-view.ftl"
2022-05-18 22:20:16 DEBUG cache:45 - Couldn't find template in cache for "v3html/test-view/v3-html-test-view-charts.ftl"("en", UTF-8, parsed); will try to load it.
2022-05-18 22:20:16 DEBUG cache:45 - TemplateLoader.findTemplateSource("v3html/test-view/v3-html-test-view-charts_en.ftl"): Not found
2022-05-18 22:20:16 DEBUG cache:45 - TemplateLoader.findTemplateSource("v3html/test-view/v3-html-test-view-charts.ftl"): Found
2022-05-18 22:20:16 DEBUG cache:45 - Loading template for "v3html/test-view/v3-html-test-view-charts.ftl"("en", UTF-8, parsed) from "jar:file:/C:/Users/nagin/.m2/repository/com/aventstack/extentreports/4.0.9/extentreports-4.0.9.jar!/com/aventstack/extentreports/view/v3html/test-view/v3-html-test-view-charts.ftl"
2022-05-18 22:20:16 DEBUG cache:45 - Couldn't find template in cache for "v3html/test-view/v3-html-standard.ftl"("en", UTF-8, parsed); will try to load it.
2022-05-18 22:20:16 DEBUG cache:45 - TemplateLoader.findTemplateSource("v3html/test-view/v3-html-standard_en.ftl"): Not found
2022-05-18 22:20:16 DEBUG cache:45 - TemplateLoader.findTemplateSource("v3html/test-view/v3-html-standard.ftl"): Found
2022-05-18 22:20:16 DEBUG cache:45 - Loading template for "v3html/test-view/v3-html-standard.ftl"("en", UTF-8, parsed) from "jar:file:/C:/Users/nagin/.m2/repository/com/aventstack/extentreports/4.0.9/extentreports-4.0.9.jar!/com/aventstack/extentreports/view/v3html/test-view/v3-html-standard.ftl"
2022-05-18 22:20:16 DEBUG cache:45 - "v3html/test-view/v3-html-standard.ftl"("en", UTF-8, parsed) cached copy not yet stale; using cached.
2022-05-18 22:20:16 DEBUG cache:45 - "v3html/test-view/v3-html-standard.ftl"("en", UTF-8, parsed) cached copy not yet stale; using cached.
2022-05-18 22:20:16 DEBUG cache:45 - Couldn't find template in cache for "v3html/category-view/v3-html-category-view.ftl"("en", UTF-8, parsed); will try to load it.
2022-05-18 22:20:16 DEBUG cache:45 - TemplateLoader.findTemplateSource("v3html/category-view/v3-html-category-view_en.ftl"): Not found
2022-05-18 22:20:16 DEBUG cache:45 - TemplateLoader.findTemplateSource("v3html/category-view/v3-html-category-view.ftl"): Found
2022-05-18 22:20:16 DEBUG cache:45 - Loading template for "v3html/category-view/v3-html-category-view.ftl"("en", UTF-8, parsed) from "jar:file:/C:/Users/nagin/.m2/repository/com/aventstack/extentreports/4.0.9/extentreports-4.0.9.jar!/com/aventstack/extentreports/view/v3html/category-view/v3-html-category-view.ftl"
2022-05-18 22:20:16 DEBUG cache:45 - Couldn't find template in cache for "v3html/exception-view/v3-html-exception-view.ftl"("en", UTF-8, parsed); will try to load it.
2022-05-18 22:20:16 DEBUG cache:45 - TemplateLoader.findTemplateSource("v3html/exception-view/v3-html-exception-view_en.ftl"): Not found
2022-05-18 22:20:16 DEBUG cache:45 - TemplateLoader.findTemplateSource("v3html/exception-view/v3-html-exception-view.ftl"): Found
2022-05-18 22:20:16 DEBUG cache:45 - Loading template for "v3html/exception-view/v3-html-exception-view.ftl"("en", UTF-8, parsed) from "jar:file:/C:/Users/nagin/.m2/repository/com/aventstack/extentreports/4.0.9/extentreports-4.0.9.jar!/com/aventstack/extentreports/view/v3html/exception-view/v3-html-exception-view.ftl"
2022-05-18 22:20:16 DEBUG cache:45 - Couldn't find template in cache for "v3html/author-view/v3-html-author-view.ftl"("en", UTF-8, parsed); will try to load it.
2022-05-18 22:20:16 DEBUG cache:45 - TemplateLoader.findTemplateSource("v3html/author-view/v3-html-author-view_en.ftl"): Not found
2022-05-18 22:20:16 DEBUG cache:45 - TemplateLoader.findTemplateSource("v3html/author-view/v3-html-author-view.ftl"): Found
2022-05-18 22:20:16 DEBUG cache:45 - Loading template for "v3html/author-view/v3-html-author-view.ftl"("en", UTF-8, parsed) from "jar:file:/C:/Users/nagin/.m2/repository/com/aventstack/extentreports/4.0.9/extentreports-4.0.9.jar!/com/aventstack/extentreports/view/v3html/author-view/v3-html-author-view.ftl"
2022-05-18 22:20:16 DEBUG cache:45 - Couldn't find template in cache for "v3html/dashboard-view/v3-html-dashboard-view.ftl"("en", UTF-8, parsed); will try to load it.
2022-05-18 22:20:16 DEBUG cache:45 - TemplateLoader.findTemplateSource("v3html/dashboard-view/v3-html-dashboard-view_en.ftl"): Not found
2022-05-18 22:20:16 DEBUG cache:45 - TemplateLoader.findTemplateSource("v3html/dashboard-view/v3-html-dashboard-view.ftl"): Found
2022-05-18 22:20:16 DEBUG cache:45 - Loading template for "v3html/dashboard-view/v3-html-dashboard-view.ftl"("en", UTF-8, parsed) from "jar:file:/C:/Users/nagin/.m2/repository/com/aventstack/extentreports/4.0.9/extentreports-4.0.9.jar!/com/aventstack/extentreports/view/v3html/dashboard-view/v3-html-dashboard-view.ftl"
2022-05-18 22:20:16 DEBUG cache:45 - Couldn't find template in cache for "v3html/logs-view/v3-html-testrunner-logs-view.ftl"("en", UTF-8, parsed); will try to load it.
2022-05-18 22:20:16 DEBUG cache:45 - TemplateLoader.findTemplateSource("v3html/logs-view/v3-html-testrunner-logs-view_en.ftl"): Not found
2022-05-18 22:20:16 DEBUG cache:45 - TemplateLoader.findTemplateSource("v3html/logs-view/v3-html-testrunner-logs-view.ftl"): Found
2022-05-18 22:20:16 DEBUG cache:45 - Loading template for "v3html/logs-view/v3-html-testrunner-logs-view.ftl"("en", UTF-8, parsed) from "jar:file:/C:/Users/nagin/.m2/repository/com/aventstack/extentreports/4.0.9/extentreports-4.0.9.jar!/com/aventstack/extentreports/view/v3html/logs-view/v3-html-testrunner-logs-view.ftl"
2022-05-18 22:21:23 DEBUG cache:45 - Couldn't find template in cache for "v3html/v3-html-index.ftl"("en", UTF-8, parsed); will try to load it.
2022-05-18 22:21:23 DEBUG cache:45 - TemplateLoader.findTemplateSource("v3html/v3-html-index_en.ftl"): Not found
2022-05-18 22:21:23 DEBUG cache:45 - TemplateLoader.findTemplateSource("v3html/v3-html-index.ftl"): Found
2022-05-18 22:21:23 DEBUG cache:45 - Loading template for "v3html/v3-html-index.ftl"("en", UTF-8, parsed) from "jar:file:/C:/Users/nagin/.m2/repository/com/aventstack/extentreports/4.0.9/extentreports-4.0.9.jar!/com/aventstack/extentreports/view/v3html/v3-html-index.ftl"
2022-05-18 22:21:24 DEBUG cache:45 - Couldn't find template in cache for "v3html/v3-html-head.ftl"("en", UTF-8, parsed); will try to load it.
2022-05-18 22:21:24 DEBUG cache:45 - TemplateLoader.findTemplateSource("v3html/v3-html-head_en.ftl"): Not found
2022-05-18 22:21:24 DEBUG cache:45 - TemplateLoader.findTemplateSource("v3html/v3-html-head.ftl"): Found
2022-05-18 22:21:24 DEBUG cache:45 - Loading template for "v3html/v3-html-head.ftl"("en", UTF-8, parsed) from "jar:file:/C:/Users/nagin/.m2/repository/com/aventstack/extentreports/4.0.9/extentreports-4.0.9.jar!/com/aventstack/extentreports/view/v3html/v3-html-head.ftl"
2022-05-18 22:21:24 DEBUG cache:45 - Couldn't find template in cache for "v3html/v3-html-nav.ftl"("en", UTF-8, parsed); will try to load it.
2022-05-18 22:21:24 DEBUG cache:45 - TemplateLoader.findTemplateSource("v3html/v3-html-nav_en.ftl"): Not found
2022-05-18 22:21:24 DEBUG cache:45 - TemplateLoader.findTemplateSource("v3html/v3-html-nav.ftl"): Found
2022-05-18 22:21:24 DEBUG cache:45 - Loading template for "v3html/v3-html-nav.ftl"("en", UTF-8, parsed) from "jar:file:/C:/Users/nagin/.m2/repository/com/aventstack/extentreports/4.0.9/extentreports-4.0.9.jar!/com/aventstack/extentreports/view/v3html/v3-html-nav.ftl"
2022-05-18 22:21:24 DEBUG cache:45 - Couldn't find template in cache for "v3html/test-view/v3-html-test-view.ftl"("en", UTF-8, parsed); will try to load it.
2022-05-18 22:21:24 DEBUG cache:45 - TemplateLoader.findTemplateSource("v3html/test-view/v3-html-test-view_en.ftl"): Not found
2022-05-18 22:21:24 DEBUG cache:45 - TemplateLoader.findTemplateSource("v3html/test-view/v3-html-test-view.ftl"): Found
2022-05-18 22:21:24 DEBUG cache:45 - Loading template for "v3html/test-view/v3-html-test-view.ftl"("en", UTF-8, parsed) from "jar:file:/C:/Users/nagin/.m2/repository/com/aventstack/extentreports/4.0.9/extentreports-4.0.9.jar!/com/aventstack/extentreports/view/v3html/test-view/v3-html-test-view.ftl"
2022-05-18 22:21:24 DEBUG cache:45 - Couldn't find template in cache for "v3html/test-view/v3-html-test-view-charts.ftl"("en", UTF-8, parsed); will try to load it.
2022-05-18 22:21:24 DEBUG cache:45 - TemplateLoader.findTemplateSource("v3html/test-view/v3-html-test-view-charts_en.ftl"): Not found
2022-05-18 22:21:24 DEBUG cache:45 - TemplateLoader.findTemplateSource("v3html/test-view/v3-html-test-view-charts.ftl"): Found
2022-05-18 22:21:24 DEBUG cache:45 - Loading template for "v3html/test-view/v3-html-test-view-charts.ftl"("en", UTF-8, parsed) from "jar:file:/C:/Users/nagin/.m2/repository/com/aventstack/extentreports/4.0.9/extentreports-4.0.9.jar!/com/aventstack/extentreports/view/v3html/test-view/v3-html-test-view-charts.ftl"
2022-05-18 22:21:24 DEBUG cache:45 - Couldn't find template in cache for "v3html/test-view/v3-html-standard.ftl"("en", UTF-8, parsed); will try to load it.
2022-05-18 22:21:24 DEBUG cache:45 - TemplateLoader.findTemplateSource("v3html/test-view/v3-html-standard_en.ftl"): Not found
2022-05-18 22:21:24 DEBUG cache:45 - TemplateLoader.findTemplateSource("v3html/test-view/v3-html-standard.ftl"): Found
2022-05-18 22:21:24 DEBUG cache:45 - Loading template for "v3html/test-view/v3-html-standard.ftl"("en", UTF-8, parsed) from "jar:file:/C:/Users/nagin/.m2/repository/com/aventstack/extentreports/4.0.9/extentreports-4.0.9.jar!/com/aventstack/extentreports/view/v3html/test-view/v3-html-standard.ftl"
2022-05-18 22:21:24 DEBUG cache:45 - "v3html/test-view/v3-html-standard.ftl"("en", UTF-8, parsed) cached copy not yet stale; using cached.
2022-05-18 22:21:24 DEBUG cache:45 - "v3html/test-view/v3-html-standard.ftl"("en", UTF-8, parsed) cached copy not yet stale; using cached.
2022-05-18 22:21:24 DEBUG cache:45 - Couldn't find template in cache for "v3html/category-view/v3-html-category-view.ftl"("en", UTF-8, parsed); will try to load it.
2022-05-18 22:21:24 DEBUG cache:45 - TemplateLoader.findTemplateSource("v3html/category-view/v3-html-category-view_en.ftl"): Not found
2022-05-18 22:21:24 DEBUG cache:45 - TemplateLoader.findTemplateSource("v3html/category-view/v3-html-category-view.ftl"): Found
2022-05-18 22:21:24 DEBUG cache:45 - Loading template for "v3html/category-view/v3-html-category-view.ftl"("en", UTF-8, parsed) from "jar:file:/C:/Users/nagin/.m2/repository/com/aventstack/extentreports/4.0.9/extentreports-4.0.9.jar!/com/aventstack/extentreports/view/v3html/category-view/v3-html-category-view.ftl"
2022-05-18 22:21:24 DEBUG cache:45 - Couldn't find template in cache for "v3html/exception-view/v3-html-exception-view.ftl"("en", UTF-8, parsed); will try to load it.
2022-05-18 22:21:24 DEBUG cache:45 - TemplateLoader.findTemplateSource("v3html/exception-view/v3-html-exception-view_en.ftl"): Not found
2022-05-18 22:21:24 DEBUG cache:45 - TemplateLoader.findTemplateSource("v3html/exception-view/v3-html-exception-view.ftl"): Found
2022-05-18 22:21:24 DEBUG cache:45 - Loading template for "v3html/exception-view/v3-html-exception-view.ftl"("en", UTF-8, parsed) from "jar:file:/C:/Users/nagin/.m2/repository/com/aventstack/extentreports/4.0.9/extentreports-4.0.9.jar!/com/aventstack/extentreports/view/v3html/exception-view/v3-html-exception-view.ftl"
2022-05-18 22:21:24 DEBUG cache:45 - Couldn't find template in cache for "v3html/author-view/v3-html-author-view.ftl"("en", UTF-8, parsed); will try to load it.
2022-05-18 22:21:24 DEBUG cache:45 - TemplateLoader.findTemplateSource("v3html/author-view/v3-html-author-view_en.ftl"): Not found
2022-05-18 22:21:24 DEBUG cache:45 - TemplateLoader.findTemplateSource("v3html/author-view/v3-html-author-view.ftl"): Found
2022-05-18 22:21:24 DEBUG cache:45 - Loading template for "v3html/author-view/v3-html-author-view.ftl"("en", UTF-8, parsed) from "jar:file:/C:/Users/nagin/.m2/repository/com/aventstack/extentreports/4.0.9/extentreports-4.0.9.jar!/com/aventstack/extentreports/view/v3html/author-view/v3-html-author-view.ftl"
2022-05-18 22:21:24 DEBUG cache:45 - Couldn't find template in cache for "v3html/dashboard-view/v3-html-dashboard-view.ftl"("en", UTF-8, parsed); will try to load it.
2022-05-18 22:21:24 DEBUG cache:45 - TemplateLoader.findTemplateSource("v3html/dashboard-view/v3-html-dashboard-view_en.ftl"): Not found
2022-05-18 22:21:24 DEBUG cache:45 - TemplateLoader.findTemplateSource("v3html/dashboard-view/v3-html-dashboard-view.ftl"): Found
2022-05-18 22:21:24 DEBUG cache:45 - Loading template for "v3html/dashboard-view/v3-html-dashboard-view.ftl"("en", UTF-8, parsed) from "jar:file:/C:/Users/nagin/.m2/repository/com/aventstack/extentreports/4.0.9/extentreports-4.0.9.jar!/com/aventstack/extentreports/view/v3html/dashboard-view/v3-html-dashboard-view.ftl"
2022-05-18 22:21:24 DEBUG cache:45 - Couldn't find template in cache for "v3html/logs-view/v3-html-testrunner-logs-view.ftl"("en", UTF-8, parsed); will try to load it.
2022-05-18 22:21:24 DEBUG cache:45 - TemplateLoader.findTemplateSource("v3html/logs-view/v3-html-testrunner-logs-view_en.ftl"): Not found
2022-05-18 22:21:24 DEBUG cache:45 - TemplateLoader.findTemplateSource("v3html/logs-view/v3-html-testrunner-logs-view.ftl"): Found
2022-05-18 22:21:24 DEBUG cache:45 - Loading template for "v3html/logs-view/v3-html-testrunner-logs-view.ftl"("en", UTF-8, parsed) from "jar:file:/C:/Users/nagin/.m2/repository/com/aventstack/extentreports/4.0.9/extentreports-4.0.9.jar!/com/aventstack/extentreports/view/v3html/logs-view/v3-html-testrunner-logs-view.ftl"
2022-05-18 22:34:41 INFO  Log:65 - =====================================loginTest TEST START=========================================
2022-05-18 22:34:41 INFO  Log:65 - user is going to click on SignIn
2022-05-18 22:34:59 INFO  Log:65 - Enter Username and Password
2022-05-18 22:35:08 INFO  Log:65 - Verifying if user is able to login
2022-05-18 22:35:08 INFO  Log:65 - Login is Sucess
2022-05-18 22:35:08 INFO  Log:65 - =====================================loginTest TEST END=========================================
2022-05-18 22:35:27 INFO  Log:65 - =====================================verifyCreateAccountPageTest TEST START=========================================
2022-05-18 22:35:59 INFO  Log:65 - =====================================addToCartTest TEST START=========================================
2022-05-18 22:36:20 INFO  Log:65 - =====================================addToCartTest TEST END=========================================
2022-05-18 22:38:38 INFO  Log:65 - =====================================orderHistoryandDetailsTest TEST START=========================================
2022-05-18 22:38:58 INFO  Log:65 - =====================================wishListTest TEST START=========================================
2022-05-18 22:39:16 INFO  Log:65 - =====================================productAvailabilityTest TEST START=========================================
2022-05-18 22:39:27 INFO  Log:65 - =====================================productAvailabilityTest TEST END=========================================
2022-05-18 22:39:45 INFO  Log:65 - =====================================loginTest TEST START=========================================
2022-05-18 22:39:45 INFO  Log:65 - user is going to click on SignIn
2022-05-18 22:40:05 INFO  Log:65 - Enter Username and Password
2022-05-18 22:40:18 INFO  Log:65 - Verifying if user is able to login
2022-05-18 22:40:18 INFO  Log:65 - Login is Sucess
2022-05-18 22:40:18 INFO  Log:65 - =====================================loginTest TEST END=========================================
2022-05-18 22:40:22 INFO  Log:65 - =====================================verifyLogo TEST START=========================================
2022-05-18 22:40:37 INFO  Log:65 - =====================================verifyTitle TEST START=========================================
2022-05-18 22:40:37 INFO  Log:65 - =====================================verifyTitle TEST END=========================================
2022-05-18 22:40:37 DEBUG cache:45 - Couldn't find template in cache for "v3html/v3-html-index.ftl"("en", UTF-8, parsed); will try to load it.
2022-05-18 22:40:37 DEBUG cache:45 - TemplateLoader.findTemplateSource("v3html/v3-html-index_en.ftl"): Not found
2022-05-18 22:40:37 DEBUG cache:45 - TemplateLoader.findTemplateSource("v3html/v3-html-index.ftl"): Found
2022-05-18 22:40:37 DEBUG cache:45 - Loading template for "v3html/v3-html-index.ftl"("en", UTF-8, parsed) from "jar:file:/C:/Users/nagin/.m2/repository/com/aventstack/extentreports/4.0.9/extentreports-4.0.9.jar!/com/aventstack/extentreports/view/v3html/v3-html-index.ftl"
2022-05-18 22:40:38 DEBUG cache:45 - Couldn't find template in cache for "v3html/v3-html-head.ftl"("en", UTF-8, parsed); will try to load it.
2022-05-18 22:40:38 DEBUG cache:45 - TemplateLoader.findTemplateSource("v3html/v3-html-head_en.ftl"): Not found
2022-05-18 22:40:38 DEBUG cache:45 - TemplateLoader.findTemplateSource("v3html/v3-html-head.ftl"): Found
2022-05-18 22:40:38 DEBUG cache:45 - Loading template for "v3html/v3-html-head.ftl"("en", UTF-8, parsed) from "jar:file:/C:/Users/nagin/.m2/repository/com/aventstack/extentreports/4.0.9/extentreports-4.0.9.jar!/com/aventstack/extentreports/view/v3html/v3-html-head.ftl"
2022-05-18 22:40:38 DEBUG cache:45 - Couldn't find template in cache for "v3html/v3-html-nav.ftl"("en", UTF-8, parsed); will try to load it.
2022-05-18 22:40:38 DEBUG cache:45 - TemplateLoader.findTemplateSource("v3html/v3-html-nav_en.ftl"): Not found
2022-05-18 22:40:38 DEBUG cache:45 - TemplateLoader.findTemplateSource("v3html/v3-html-nav.ftl"): Found
2022-05-18 22:40:38 DEBUG cache:45 - Loading template for "v3html/v3-html-nav.ftl"("en", UTF-8, parsed) from "jar:file:/C:/Users/nagin/.m2/repository/com/aventstack/extentreports/4.0.9/extentreports-4.0.9.jar!/com/aventstack/extentreports/view/v3html/v3-html-nav.ftl"
2022-05-18 22:40:38 DEBUG cache:45 - Couldn't find template in cache for "v3html/test-view/v3-html-test-view.ftl"("en", UTF-8, parsed); will try to load it.
2022-05-18 22:40:38 DEBUG cache:45 - TemplateLoader.findTemplateSource("v3html/test-view/v3-html-test-view_en.ftl"): Not found
2022-05-18 22:40:38 DEBUG cache:45 - TemplateLoader.findTemplateSource("v3html/test-view/v3-html-test-view.ftl"): Found
2022-05-18 22:40:38 DEBUG cache:45 - Loading template for "v3html/test-view/v3-html-test-view.ftl"("en", UTF-8, parsed) from "jar:file:/C:/Users/nagin/.m2/repository/com/aventstack/extentreports/4.0.9/extentreports-4.0.9.jar!/com/aventstack/extentreports/view/v3html/test-view/v3-html-test-view.ftl"
2022-05-18 22:40:38 DEBUG cache:45 - Couldn't find template in cache for "v3html/test-view/v3-html-test-view-charts.ftl"("en", UTF-8, parsed); will try to load it.
2022-05-18 22:40:38 DEBUG cache:45 - TemplateLoader.findTemplateSource("v3html/test-view/v3-html-test-view-charts_en.ftl"): Not found
2022-05-18 22:40:38 DEBUG cache:45 - TemplateLoader.findTemplateSource("v3html/test-view/v3-html-test-view-charts.ftl"): Found
2022-05-18 22:40:38 DEBUG cache:45 - Loading template for "v3html/test-view/v3-html-test-view-charts.ftl"("en", UTF-8, parsed) from "jar:file:/C:/Users/nagin/.m2/repository/com/aventstack/extentreports/4.0.9/extentreports-4.0.9.jar!/com/aventstack/extentreports/view/v3html/test-view/v3-html-test-view-charts.ftl"
2022-05-18 22:40:38 DEBUG cache:45 - Couldn't find template in cache for "v3html/test-view/v3-html-standard.ftl"("en", UTF-8, parsed); will try to load it.
2022-05-18 22:40:38 DEBUG cache:45 - TemplateLoader.findTemplateSource("v3html/test-view/v3-html-standard_en.ftl"): Not found
2022-05-18 22:40:38 DEBUG cache:45 - TemplateLoader.findTemplateSource("v3html/test-view/v3-html-standard.ftl"): Found
2022-05-18 22:40:38 DEBUG cache:45 - Loading template for "v3html/test-view/v3-html-standard.ftl"("en", UTF-8, parsed) from "jar:file:/C:/Users/nagin/.m2/repository/com/aventstack/extentreports/4.0.9/extentreports-4.0.9.jar!/com/aventstack/extentreports/view/v3html/test-view/v3-html-standard.ftl"
2022-05-18 22:40:38 DEBUG cache:45 - "v3html/test-view/v3-html-standard.ftl"("en", UTF-8, parsed) cached copy not yet stale; using cached.
2022-05-18 22:40:38 DEBUG cache:45 - "v3html/test-view/v3-html-standard.ftl"("en", UTF-8, parsed) cached copy not yet stale; using cached.
2022-05-18 22:40:38 DEBUG cache:45 - "v3html/test-view/v3-html-standard.ftl"("en", UTF-8, parsed) cached copy not yet stale; using cached.
2022-05-18 22:40:38 DEBUG cache:45 - "v3html/test-view/v3-html-standard.ftl"("en", UTF-8, parsed) cached copy not yet stale; using cached.
2022-05-18 22:40:38 DEBUG cache:45 - "v3html/test-view/v3-html-standard.ftl"("en", UTF-8, parsed) cached copy not yet stale; using cached.
2022-05-18 22:40:38 DEBUG cache:45 - Couldn't find template in cache for "v3html/category-view/v3-html-category-view.ftl"("en", UTF-8, parsed); will try to load it.
2022-05-18 22:40:38 DEBUG cache:45 - TemplateLoader.findTemplateSource("v3html/category-view/v3-html-category-view_en.ftl"): Not found
2022-05-18 22:40:38 DEBUG cache:45 - TemplateLoader.findTemplateSource("v3html/category-view/v3-html-category-view.ftl"): Found
2022-05-18 22:40:38 DEBUG cache:45 - Loading template for "v3html/category-view/v3-html-category-view.ftl"("en", UTF-8, parsed) from "jar:file:/C:/Users/nagin/.m2/repository/com/aventstack/extentreports/4.0.9/extentreports-4.0.9.jar!/com/aventstack/extentreports/view/v3html/category-view/v3-html-category-view.ftl"
2022-05-18 22:40:38 DEBUG cache:45 - Couldn't find template in cache for "v3html/exception-view/v3-html-exception-view.ftl"("en", UTF-8, parsed); will try to load it.
2022-05-18 22:40:38 DEBUG cache:45 - TemplateLoader.findTemplateSource("v3html/exception-view/v3-html-exception-view_en.ftl"): Not found
2022-05-18 22:40:38 DEBUG cache:45 - TemplateLoader.findTemplateSource("v3html/exception-view/v3-html-exception-view.ftl"): Found
2022-05-18 22:40:38 DEBUG cache:45 - Loading template for "v3html/exception-view/v3-html-exception-view.ftl"("en", UTF-8, parsed) from "jar:file:/C:/Users/nagin/.m2/repository/com/aventstack/extentreports/4.0.9/extentreports-4.0.9.jar!/com/aventstack/extentreports/view/v3html/exception-view/v3-html-exception-view.ftl"
2022-05-18 22:40:38 DEBUG cache:45 - Couldn't find template in cache for "v3html/author-view/v3-html-author-view.ftl"("en", UTF-8, parsed); will try to load it.
2022-05-18 22:40:38 DEBUG cache:45 - TemplateLoader.findTemplateSource("v3html/author-view/v3-html-author-view_en.ftl"): Not found
2022-05-18 22:40:38 DEBUG cache:45 - TemplateLoader.findTemplateSource("v3html/author-view/v3-html-author-view.ftl"): Found
2022-05-18 22:40:38 DEBUG cache:45 - Loading template for "v3html/author-view/v3-html-author-view.ftl"("en", UTF-8, parsed) from "jar:file:/C:/Users/nagin/.m2/repository/com/aventstack/extentreports/4.0.9/extentreports-4.0.9.jar!/com/aventstack/extentreports/view/v3html/author-view/v3-html-author-view.ftl"
2022-05-18 22:40:38 DEBUG cache:45 - Couldn't find template in cache for "v3html/dashboard-view/v3-html-dashboard-view.ftl"("en", UTF-8, parsed); will try to load it.
2022-05-18 22:40:38 DEBUG cache:45 - TemplateLoader.findTemplateSource("v3html/dashboard-view/v3-html-dashboard-view_en.ftl"): Not found
2022-05-18 22:40:38 DEBUG cache:45 - TemplateLoader.findTemplateSource("v3html/dashboard-view/v3-html-dashboard-view.ftl"): Found
2022-05-18 22:40:38 DEBUG cache:45 - Loading template for "v3html/dashboard-view/v3-html-dashboard-view.ftl"("en", UTF-8, parsed) from "jar:file:/C:/Users/nagin/.m2/repository/com/aventstack/extentreports/4.0.9/extentreports-4.0.9.jar!/com/aventstack/extentreports/view/v3html/dashboard-view/v3-html-dashboard-view.ftl"
2022-05-18 22:40:38 DEBUG cache:45 - Couldn't find template in cache for "v3html/logs-view/v3-html-testrunner-logs-view.ftl"("en", UTF-8, parsed); will try to load it.
2022-05-18 22:40:38 DEBUG cache:45 - TemplateLoader.findTemplateSource("v3html/logs-view/v3-html-testrunner-logs-view_en.ftl"): Not found
2022-05-18 22:40:38 DEBUG cache:45 - TemplateLoader.findTemplateSource("v3html/logs-view/v3-html-testrunner-logs-view.ftl"): Found
2022-05-18 22:40:38 DEBUG cache:45 - Loading template for "v3html/logs-view/v3-html-testrunner-logs-view.ftl"("en", UTF-8, parsed) from "jar:file:/C:/Users/nagin/.m2/repository/com/aventstack/extentreports/4.0.9/extentreports-4.0.9.jar!/com/aventstack/extentreports/view/v3html/logs-view/v3-html-testrunner-logs-view.ftl"
2022-05-18 22:43:41 INFO  Log:65 - =====================================verifyTotalPrice TEST START=========================================
2022-05-18 22:44:12 INFO  Log:65 - =====================================verifyTotalPrice TEST END=========================================
2022-05-18 22:44:27 INFO  Log:65 - =====================================addToCartTest TEST START=========================================
2022-05-18 22:44:50 INFO  Log:65 - =====================================addToCartTest TEST END=========================================
2022-05-18 22:45:03 INFO  Log:65 - =====================================endToEndTest TEST START=========================================
2022-05-18 22:45:47 INFO  Log:65 - =====================================endToEndTest TEST END=========================================
2022-05-18 22:45:48 DEBUG cache:45 - Couldn't find template in cache for "v3html/v3-html-index.ftl"("en", UTF-8, parsed); will try to load it.
2022-05-18 22:45:48 DEBUG cache:45 - TemplateLoader.findTemplateSource("v3html/v3-html-index_en.ftl"): Not found
2022-05-18 22:45:48 DEBUG cache:45 - TemplateLoader.findTemplateSource("v3html/v3-html-index.ftl"): Found
2022-05-18 22:45:48 DEBUG cache:45 - Loading template for "v3html/v3-html-index.ftl"("en", UTF-8, parsed) from "jar:file:/C:/Users/nagin/.m2/repository/com/aventstack/extentreports/4.0.9/extentreports-4.0.9.jar!/com/aventstack/extentreports/view/v3html/v3-html-index.ftl"
2022-05-18 22:45:48 DEBUG cache:45 - Couldn't find template in cache for "v3html/v3-html-head.ftl"("en", UTF-8, parsed); will try to load it.
2022-05-18 22:45:48 DEBUG cache:45 - TemplateLoader.findTemplateSource("v3html/v3-html-head_en.ftl"): Not found
2022-05-18 22:45:48 DEBUG cache:45 - TemplateLoader.findTemplateSource("v3html/v3-html-head.ftl"): Found
2022-05-18 22:45:48 DEBUG cache:45 - Loading template for "v3html/v3-html-head.ftl"("en", UTF-8, parsed) from "jar:file:/C:/Users/nagin/.m2/repository/com/aventstack/extentreports/4.0.9/extentreports-4.0.9.jar!/com/aventstack/extentreports/view/v3html/v3-html-head.ftl"
2022-05-18 22:45:48 DEBUG cache:45 - Couldn't find template in cache for "v3html/v3-html-nav.ftl"("en", UTF-8, parsed); will try to load it.
2022-05-18 22:45:48 DEBUG cache:45 - TemplateLoader.findTemplateSource("v3html/v3-html-nav_en.ftl"): Not found
2022-05-18 22:45:48 DEBUG cache:45 - TemplateLoader.findTemplateSource("v3html/v3-html-nav.ftl"): Found
2022-05-18 22:45:48 DEBUG cache:45 - Loading template for "v3html/v3-html-nav.ftl"("en", UTF-8, parsed) from "jar:file:/C:/Users/nagin/.m2/repository/com/aventstack/extentreports/4.0.9/extentreports-4.0.9.jar!/com/aventstack/extentreports/view/v3html/v3-html-nav.ftl"
2022-05-18 22:45:48 DEBUG cache:45 - Couldn't find template in cache for "v3html/test-view/v3-html-test-view.ftl"("en", UTF-8, parsed); will try to load it.
2022-05-18 22:45:48 DEBUG cache:45 - TemplateLoader.findTemplateSource("v3html/test-view/v3-html-test-view_en.ftl"): Not found
2022-05-18 22:45:48 DEBUG cache:45 - TemplateLoader.findTemplateSource("v3html/test-view/v3-html-test-view.ftl"): Found
2022-05-18 22:45:48 DEBUG cache:45 - Loading template for "v3html/test-view/v3-html-test-view.ftl"("en", UTF-8, parsed) from "jar:file:/C:/Users/nagin/.m2/repository/com/aventstack/extentreports/4.0.9/extentreports-4.0.9.jar!/com/aventstack/extentreports/view/v3html/test-view/v3-html-test-view.ftl"
2022-05-18 22:45:48 DEBUG cache:45 - Couldn't find template in cache for "v3html/test-view/v3-html-test-view-charts.ftl"("en", UTF-8, parsed); will try to load it.
2022-05-18 22:45:48 DEBUG cache:45 - TemplateLoader.findTemplateSource("v3html/test-view/v3-html-test-view-charts_en.ftl"): Not found
2022-05-18 22:45:48 DEBUG cache:45 - TemplateLoader.findTemplateSource("v3html/test-view/v3-html-test-view-charts.ftl"): Found
2022-05-18 22:45:48 DEBUG cache:45 - Loading template for "v3html/test-view/v3-html-test-view-charts.ftl"("en", UTF-8, parsed) from "jar:file:/C:/Users/nagin/.m2/repository/com/aventstack/extentreports/4.0.9/extentreports-4.0.9.jar!/com/aventstack/extentreports/view/v3html/test-view/v3-html-test-view-charts.ftl"
2022-05-18 22:45:48 DEBUG cache:45 - Couldn't find template in cache for "v3html/test-view/v3-html-standard.ftl"("en", UTF-8, parsed); will try to load it.
2022-05-18 22:45:48 DEBUG cache:45 - TemplateLoader.findTemplateSource("v3html/test-view/v3-html-standard_en.ftl"): Not found
2022-05-18 22:45:48 DEBUG cache:45 - TemplateLoader.findTemplateSource("v3html/test-view/v3-html-standard.ftl"): Found
2022-05-18 22:45:48 DEBUG cache:45 - Loading template for "v3html/test-view/v3-html-standard.ftl"("en", UTF-8, parsed) from "jar:file:/C:/Users/nagin/.m2/repository/com/aventstack/extentreports/4.0.9/extentreports-4.0.9.jar!/com/aventstack/extentreports/view/v3html/test-view/v3-html-standard.ftl"
2022-05-18 22:45:48 DEBUG cache:45 - "v3html/test-view/v3-html-standard.ftl"("en", UTF-8, parsed) cached copy not yet stale; using cached.
2022-05-18 22:45:48 DEBUG cache:45 - "v3html/test-view/v3-html-standard.ftl"("en", UTF-8, parsed) cached copy not yet stale; using cached.
2022-05-18 22:45:48 DEBUG cache:45 - Couldn't find template in cache for "v3html/category-view/v3-html-category-view.ftl"("en", UTF-8, parsed); will try to load it.
2022-05-18 22:45:48 DEBUG cache:45 - TemplateLoader.findTemplateSource("v3html/category-view/v3-html-category-view_en.ftl"): Not found
2022-05-18 22:45:48 DEBUG cache:45 - TemplateLoader.findTemplateSource("v3html/category-view/v3-html-category-view.ftl"): Found
2022-05-18 22:45:48 DEBUG cache:45 - Loading template for "v3html/category-view/v3-html-category-view.ftl"("en", UTF-8, parsed) from "jar:file:/C:/Users/nagin/.m2/repository/com/aventstack/extentreports/4.0.9/extentreports-4.0.9.jar!/com/aventstack/extentreports/view/v3html/category-view/v3-html-category-view.ftl"
2022-05-18 22:45:48 DEBUG cache:45 - Couldn't find template in cache for "v3html/exception-view/v3-html-exception-view.ftl"("en", UTF-8, parsed); will try to load it.
2022-05-18 22:45:48 DEBUG cache:45 - TemplateLoader.findTemplateSource("v3html/exception-view/v3-html-exception-view_en.ftl"): Not found
2022-05-18 22:45:48 DEBUG cache:45 - TemplateLoader.findTemplateSource("v3html/exception-view/v3-html-exception-view.ftl"): Found
2022-05-18 22:45:48 DEBUG cache:45 - Loading template for "v3html/exception-view/v3-html-exception-view.ftl"("en", UTF-8, parsed) from "jar:file:/C:/Users/nagin/.m2/repository/com/aventstack/extentreports/4.0.9/extentreports-4.0.9.jar!/com/aventstack/extentreports/view/v3html/exception-view/v3-html-exception-view.ftl"
2022-05-18 22:45:48 DEBUG cache:45 - Couldn't find template in cache for "v3html/author-view/v3-html-author-view.ftl"("en", UTF-8, parsed); will try to load it.
2022-05-18 22:45:48 DEBUG cache:45 - TemplateLoader.findTemplateSource("v3html/author-view/v3-html-author-view_en.ftl"): Not found
2022-05-18 22:45:48 DEBUG cache:45 - TemplateLoader.findTemplateSource("v3html/author-view/v3-html-author-view.ftl"): Found
2022-05-18 22:45:48 DEBUG cache:45 - Loading template for "v3html/author-view/v3-html-author-view.ftl"("en", UTF-8, parsed) from "jar:file:/C:/Users/nagin/.m2/repository/com/aventstack/extentreports/4.0.9/extentreports-4.0.9.jar!/com/aventstack/extentreports/view/v3html/author-view/v3-html-author-view.ftl"
2022-05-18 22:45:48 DEBUG cache:45 - Couldn't find template in cache for "v3html/dashboard-view/v3-html-dashboard-view.ftl"("en", UTF-8, parsed); will try to load it.
2022-05-18 22:45:48 DEBUG cache:45 - TemplateLoader.findTemplateSource("v3html/dashboard-view/v3-html-dashboard-view_en.ftl"): Not found
2022-05-18 22:45:48 DEBUG cache:45 - TemplateLoader.findTemplateSource("v3html/dashboard-view/v3-html-dashboard-view.ftl"): Found
2022-05-18 22:45:48 DEBUG cache:45 - Loading template for "v3html/dashboard-view/v3-html-dashboard-view.ftl"("en", UTF-8, parsed) from "jar:file:/C:/Users/nagin/.m2/repository/com/aventstack/extentreports/4.0.9/extentreports-4.0.9.jar!/com/aventstack/extentreports/view/v3html/dashboard-view/v3-html-dashboard-view.ftl"
2022-05-18 22:45:48 DEBUG cache:45 - Couldn't find template in cache for "v3html/logs-view/v3-html-testrunner-logs-view.ftl"("en", UTF-8, parsed); will try to load it.
2022-05-18 22:45:48 DEBUG cache:45 - TemplateLoader.findTemplateSource("v3html/logs-view/v3-html-testrunner-logs-view_en.ftl"): Not found
2022-05-18 22:45:48 DEBUG cache:45 - TemplateLoader.findTemplateSource("v3html/logs-view/v3-html-testrunner-logs-view.ftl"): Found
2022-05-18 22:45:48 DEBUG cache:45 - Loading template for "v3html/logs-view/v3-html-testrunner-logs-view.ftl"("en", UTF-8, parsed) from "jar:file:/C:/Users/nagin/.m2/repository/com/aventstack/extentreports/4.0.9/extentreports-4.0.9.jar!/com/aventstack/extentreports/view/v3html/logs-view/v3-html-testrunner-logs-view.ftl"
2022-05-18 22:46:43 INFO  Log:65 - =====================================verifyCreateAccountPageTest TEST START=========================================
2022-05-18 22:47:14 INFO  Log:65 - =====================================verifyCreateAccountPageTest TEST END=========================================
2022-05-18 22:47:51 INFO  Log:65 - =====================================loginTest TEST START=========================================
2022-05-18 22:47:51 INFO  Log:65 - user is going to click on SignIn
2022-05-18 22:47:59 INFO  Log:65 - Enter Username and Password
2022-05-18 22:48:05 INFO  Log:65 - Verifying if user is able to login
2022-05-18 22:48:05 INFO  Log:65 - Login is Sucess
2022-05-18 22:48:05 INFO  Log:65 - =====================================loginTest TEST END=========================================
2022-05-18 22:48:14 INFO  Log:65 - =====================================verifyCreateAccountPageTest TEST START=========================================
2022-05-18 22:48:22 INFO  Log:65 - =====================================verifyCreateAccountPageTest TEST END=========================================
2022-05-18 22:48:33 INFO  Log:65 - =====================================addToCartTest TEST START=========================================
2022-05-18 22:48:46 INFO  Log:65 - =====================================addToCartTest TEST END=========================================
2022-05-18 22:49:27 INFO  Log:65 - =====================================verifyTotalPrice TEST START=========================================
2022-05-18 22:49:47 INFO  Log:65 - =====================================verifyTotalPrice TEST END=========================================
2022-05-18 22:55:44 INFO  Log:65 - =====================================orderHistoryandDetailsTest TEST START=========================================
2022-05-18 22:56:09 INFO  Log:65 - =====================================orderHistoryandDetailsTest TEST START=========================================
2022-05-18 22:56:42 INFO  Log:65 - =====================================wishListTest TEST START=========================================
2022-05-18 22:57:52 INFO  Log:65 - =====================================orderHistoryandDetailsTest TEST START=========================================
2022-05-18 22:58:08 INFO  Log:65 - =====================================orderHistoryandDetailsTest TEST END=========================================
2022-05-18 22:58:17 INFO  Log:65 - =====================================wishListTest TEST START=========================================
2022-05-18 22:58:30 INFO  Log:65 - =====================================wishListTest TEST END=========================================
2022-05-18 22:59:00 INFO  Log:65 - =====================================orderHistoryandDetailsTest TEST START=========================================
2022-05-18 22:59:15 INFO  Log:65 - =====================================orderHistoryandDetailsTest TEST END=========================================
2022-05-18 22:59:26 INFO  Log:65 - =====================================wishListTest TEST START=========================================
2022-05-18 22:59:40 INFO  Log:65 - =====================================wishListTest TEST END=========================================
2022-05-18 22:59:53 INFO  Log:65 - =====================================productAvailabilityTest TEST START=========================================
2022-05-18 22:59:58 INFO  Log:65 - =====================================productAvailabilityTest TEST END=========================================
2022-05-18 23:00:11 INFO  Log:65 - =====================================loginTest TEST START=========================================
2022-05-18 23:00:11 INFO  Log:65 - user is going to click on SignIn
2022-05-18 23:00:21 INFO  Log:65 - Enter Username and Password
2022-05-18 23:00:27 INFO  Log:65 - Verifying if user is able to login
2022-05-18 23:00:27 INFO  Log:65 - Login is Sucess
2022-05-18 23:00:27 INFO  Log:65 - =====================================loginTest TEST END=========================================
2022-05-18 23:00:37 INFO  Log:65 - =====================================verifyLogo TEST START=========================================
2022-05-18 23:00:37 INFO  Log:65 - =====================================verifyLogo TEST END=========================================
2022-05-18 23:00:47 INFO  Log:65 - =====================================verifyTitle TEST START=========================================
2022-05-18 23:00:47 INFO  Log:65 - =====================================verifyTitle TEST END=========================================
2022-05-18 23:00:47 DEBUG cache:45 - Couldn't find template in cache for "v3html/v3-html-index.ftl"("en", UTF-8, parsed); will try to load it.
2022-05-18 23:00:47 DEBUG cache:45 - TemplateLoader.findTemplateSource("v3html/v3-html-index_en.ftl"): Not found
2022-05-18 23:00:47 DEBUG cache:45 - TemplateLoader.findTemplateSource("v3html/v3-html-index.ftl"): Found
2022-05-18 23:00:47 DEBUG cache:45 - Loading template for "v3html/v3-html-index.ftl"("en", UTF-8, parsed) from "jar:file:/C:/Users/nagin/.m2/repository/com/aventstack/extentreports/4.0.9/extentreports-4.0.9.jar!/com/aventstack/extentreports/view/v3html/v3-html-index.ftl"
2022-05-18 23:00:47 DEBUG cache:45 - Couldn't find template in cache for "v3html/v3-html-head.ftl"("en", UTF-8, parsed); will try to load it.
2022-05-18 23:00:47 DEBUG cache:45 - TemplateLoader.findTemplateSource("v3html/v3-html-head_en.ftl"): Not found
2022-05-18 23:00:47 DEBUG cache:45 - TemplateLoader.findTemplateSource("v3html/v3-html-head.ftl"): Found
2022-05-18 23:00:47 DEBUG cache:45 - Loading template for "v3html/v3-html-head.ftl"("en", UTF-8, parsed) from "jar:file:/C:/Users/nagin/.m2/repository/com/aventstack/extentreports/4.0.9/extentreports-4.0.9.jar!/com/aventstack/extentreports/view/v3html/v3-html-head.ftl"
2022-05-18 23:00:47 DEBUG cache:45 - Couldn't find template in cache for "v3html/v3-html-nav.ftl"("en", UTF-8, parsed); will try to load it.
2022-05-18 23:00:47 DEBUG cache:45 - TemplateLoader.findTemplateSource("v3html/v3-html-nav_en.ftl"): Not found
2022-05-18 23:00:47 DEBUG cache:45 - TemplateLoader.findTemplateSource("v3html/v3-html-nav.ftl"): Found
2022-05-18 23:00:47 DEBUG cache:45 - Loading template for "v3html/v3-html-nav.ftl"("en", UTF-8, parsed) from "jar:file:/C:/Users/nagin/.m2/repository/com/aventstack/extentreports/4.0.9/extentreports-4.0.9.jar!/com/aventstack/extentreports/view/v3html/v3-html-nav.ftl"
2022-05-18 23:00:47 DEBUG cache:45 - Couldn't find template in cache for "v3html/test-view/v3-html-test-view.ftl"("en", UTF-8, parsed); will try to load it.
2022-05-18 23:00:47 DEBUG cache:45 - TemplateLoader.findTemplateSource("v3html/test-view/v3-html-test-view_en.ftl"): Not found
2022-05-18 23:00:47 DEBUG cache:45 - TemplateLoader.findTemplateSource("v3html/test-view/v3-html-test-view.ftl"): Found
2022-05-18 23:00:47 DEBUG cache:45 - Loading template for "v3html/test-view/v3-html-test-view.ftl"("en", UTF-8, parsed) from "jar:file:/C:/Users/nagin/.m2/repository/com/aventstack/extentreports/4.0.9/extentreports-4.0.9.jar!/com/aventstack/extentreports/view/v3html/test-view/v3-html-test-view.ftl"
2022-05-18 23:00:47 DEBUG cache:45 - Couldn't find template in cache for "v3html/test-view/v3-html-test-view-charts.ftl"("en", UTF-8, parsed); will try to load it.
2022-05-18 23:00:47 DEBUG cache:45 - TemplateLoader.findTemplateSource("v3html/test-view/v3-html-test-view-charts_en.ftl"): Not found
2022-05-18 23:00:47 DEBUG cache:45 - TemplateLoader.findTemplateSource("v3html/test-view/v3-html-test-view-charts.ftl"): Found
2022-05-18 23:00:47 DEBUG cache:45 - Loading template for "v3html/test-view/v3-html-test-view-charts.ftl"("en", UTF-8, parsed) from "jar:file:/C:/Users/nagin/.m2/repository/com/aventstack/extentreports/4.0.9/extentreports-4.0.9.jar!/com/aventstack/extentreports/view/v3html/test-view/v3-html-test-view-charts.ftl"
2022-05-18 23:00:47 DEBUG cache:45 - Couldn't find template in cache for "v3html/test-view/v3-html-standard.ftl"("en", UTF-8, parsed); will try to load it.
2022-05-18 23:00:47 DEBUG cache:45 - TemplateLoader.findTemplateSource("v3html/test-view/v3-html-standard_en.ftl"): Not found
2022-05-18 23:00:47 DEBUG cache:45 - TemplateLoader.findTemplateSource("v3html/test-view/v3-html-standard.ftl"): Found
2022-05-18 23:00:47 DEBUG cache:45 - Loading template for "v3html/test-view/v3-html-standard.ftl"("en", UTF-8, parsed) from "jar:file:/C:/Users/nagin/.m2/repository/com/aventstack/extentreports/4.0.9/extentreports-4.0.9.jar!/com/aventstack/extentreports/view/v3html/test-view/v3-html-standard.ftl"
2022-05-18 23:00:47 DEBUG cache:45 - "v3html/test-view/v3-html-standard.ftl"("en", UTF-8, parsed) cached copy not yet stale; using cached.
2022-05-18 23:00:47 DEBUG cache:45 - "v3html/test-view/v3-html-standard.ftl"("en", UTF-8, parsed) cached copy not yet stale; using cached.
2022-05-18 23:00:47 DEBUG cache:45 - "v3html/test-view/v3-html-standard.ftl"("en", UTF-8, parsed) cached copy not yet stale; using cached.
2022-05-18 23:00:47 DEBUG cache:45 - "v3html/test-view/v3-html-standard.ftl"("en", UTF-8, parsed) cached copy not yet stale; using cached.
2022-05-18 23:00:47 DEBUG cache:45 - "v3html/test-view/v3-html-standard.ftl"("en", UTF-8, parsed) cached copy not yet stale; using cached.
2022-05-18 23:00:47 DEBUG cache:45 - Couldn't find template in cache for "v3html/category-view/v3-html-category-view.ftl"("en", UTF-8, parsed); will try to load it.
2022-05-18 23:00:47 DEBUG cache:45 - TemplateLoader.findTemplateSource("v3html/category-view/v3-html-category-view_en.ftl"): Not found
2022-05-18 23:00:47 DEBUG cache:45 - TemplateLoader.findTemplateSource("v3html/category-view/v3-html-category-view.ftl"): Found
2022-05-18 23:00:47 DEBUG cache:45 - Loading template for "v3html/category-view/v3-html-category-view.ftl"("en", UTF-8, parsed) from "jar:file:/C:/Users/nagin/.m2/repository/com/aventstack/extentreports/4.0.9/extentreports-4.0.9.jar!/com/aventstack/extentreports/view/v3html/category-view/v3-html-category-view.ftl"
2022-05-18 23:00:47 DEBUG cache:45 - Couldn't find template in cache for "v3html/exception-view/v3-html-exception-view.ftl"("en", UTF-8, parsed); will try to load it.
2022-05-18 23:00:47 DEBUG cache:45 - TemplateLoader.findTemplateSource("v3html/exception-view/v3-html-exception-view_en.ftl"): Not found
2022-05-18 23:00:47 DEBUG cache:45 - TemplateLoader.findTemplateSource("v3html/exception-view/v3-html-exception-view.ftl"): Found
2022-05-18 23:00:47 DEBUG cache:45 - Loading template for "v3html/exception-view/v3-html-exception-view.ftl"("en", UTF-8, parsed) from "jar:file:/C:/Users/nagin/.m2/repository/com/aventstack/extentreports/4.0.9/extentreports-4.0.9.jar!/com/aventstack/extentreports/view/v3html/exception-view/v3-html-exception-view.ftl"
2022-05-18 23:00:47 DEBUG cache:45 - Couldn't find template in cache for "v3html/author-view/v3-html-author-view.ftl"("en", UTF-8, parsed); will try to load it.
2022-05-18 23:00:47 DEBUG cache:45 - TemplateLoader.findTemplateSource("v3html/author-view/v3-html-author-view_en.ftl"): Not found
2022-05-18 23:00:47 DEBUG cache:45 - TemplateLoader.findTemplateSource("v3html/author-view/v3-html-author-view.ftl"): Found
2022-05-18 23:00:47 DEBUG cache:45 - Loading template for "v3html/author-view/v3-html-author-view.ftl"("en", UTF-8, parsed) from "jar:file:/C:/Users/nagin/.m2/repository/com/aventstack/extentreports/4.0.9/extentreports-4.0.9.jar!/com/aventstack/extentreports/view/v3html/author-view/v3-html-author-view.ftl"
2022-05-18 23:00:47 DEBUG cache:45 - Couldn't find template in cache for "v3html/dashboard-view/v3-html-dashboard-view.ftl"("en", UTF-8, parsed); will try to load it.
2022-05-18 23:00:47 DEBUG cache:45 - TemplateLoader.findTemplateSource("v3html/dashboard-view/v3-html-dashboard-view_en.ftl"): Not found
2022-05-18 23:00:47 DEBUG cache:45 - TemplateLoader.findTemplateSource("v3html/dashboard-view/v3-html-dashboard-view.ftl"): Found
2022-05-18 23:00:47 DEBUG cache:45 - Loading template for "v3html/dashboard-view/v3-html-dashboard-view.ftl"("en", UTF-8, parsed) from "jar:file:/C:/Users/nagin/.m2/repository/com/aventstack/extentreports/4.0.9/extentreports-4.0.9.jar!/com/aventstack/extentreports/view/v3html/dashboard-view/v3-html-dashboard-view.ftl"
2022-05-18 23:00:47 DEBUG cache:45 - Couldn't find template in cache for "v3html/logs-view/v3-html-testrunner-logs-view.ftl"("en", UTF-8, parsed); will try to load it.
2022-05-18 23:00:47 DEBUG cache:45 - TemplateLoader.findTemplateSource("v3html/logs-view/v3-html-testrunner-logs-view_en.ftl"): Not found
2022-05-18 23:00:47 DEBUG cache:45 - TemplateLoader.findTemplateSource("v3html/logs-view/v3-html-testrunner-logs-view.ftl"): Found
2022-05-18 23:00:47 DEBUG cache:45 - Loading template for "v3html/logs-view/v3-html-testrunner-logs-view.ftl"("en", UTF-8, parsed) from "jar:file:/C:/Users/nagin/.m2/repository/com/aventstack/extentreports/4.0.9/extentreports-4.0.9.jar!/com/aventstack/extentreports/view/v3html/logs-view/v3-html-testrunner-logs-view.ftl"
2022-05-20 00:05:57 INFO  Log:65 - =====================================verifyTotalPrice TEST START=========================================
2022-05-20 00:06:18 INFO  Log:65 - =====================================verifyTotalPrice TEST END=========================================
2022-05-20 00:06:31 INFO  Log:65 - =====================================addToCartTest TEST START=========================================
2022-05-20 00:06:44 INFO  Log:65 - =====================================addToCartTest TEST END=========================================
2022-05-20 00:07:00 INFO  Log:65 - =====================================endToEndTest TEST START=========================================
2022-05-20 00:07:33 INFO  Log:65 - =====================================endToEndTest TEST END=========================================
2022-05-20 00:07:33 DEBUG cache:45 - Couldn't find template in cache for "v3html/v3-html-index.ftl"("en", UTF-8, parsed); will try to load it.
2022-05-20 00:07:33 DEBUG cache:45 - TemplateLoader.findTemplateSource("v3html/v3-html-index_en.ftl"): Not found
2022-05-20 00:07:33 DEBUG cache:45 - TemplateLoader.findTemplateSource("v3html/v3-html-index.ftl"): Found
2022-05-20 00:07:33 DEBUG cache:45 - Loading template for "v3html/v3-html-index.ftl"("en", UTF-8, parsed) from "jar:file:/C:/Users/nagin/.m2/repository/com/aventstack/extentreports/4.0.9/extentreports-4.0.9.jar!/com/aventstack/extentreports/view/v3html/v3-html-index.ftl"
2022-05-20 00:07:33 DEBUG cache:45 - Couldn't find template in cache for "v3html/v3-html-head.ftl"("en", UTF-8, parsed); will try to load it.
2022-05-20 00:07:33 DEBUG cache:45 - TemplateLoader.findTemplateSource("v3html/v3-html-head_en.ftl"): Not found
2022-05-20 00:07:33 DEBUG cache:45 - TemplateLoader.findTemplateSource("v3html/v3-html-head.ftl"): Found
2022-05-20 00:07:33 DEBUG cache:45 - Loading template for "v3html/v3-html-head.ftl"("en", UTF-8, parsed) from "jar:file:/C:/Users/nagin/.m2/repository/com/aventstack/extentreports/4.0.9/extentreports-4.0.9.jar!/com/aventstack/extentreports/view/v3html/v3-html-head.ftl"
2022-05-20 00:07:33 DEBUG cache:45 - Couldn't find template in cache for "v3html/v3-html-nav.ftl"("en", UTF-8, parsed); will try to load it.
2022-05-20 00:07:33 DEBUG cache:45 - TemplateLoader.findTemplateSource("v3html/v3-html-nav_en.ftl"): Not found
2022-05-20 00:07:33 DEBUG cache:45 - TemplateLoader.findTemplateSource("v3html/v3-html-nav.ftl"): Found
2022-05-20 00:07:33 DEBUG cache:45 - Loading template for "v3html/v3-html-nav.ftl"("en", UTF-8, parsed) from "jar:file:/C:/Users/nagin/.m2/repository/com/aventstack/extentreports/4.0.9/extentreports-4.0.9.jar!/com/aventstack/extentreports/view/v3html/v3-html-nav.ftl"
2022-05-20 00:07:33 DEBUG cache:45 - Couldn't find template in cache for "v3html/test-view/v3-html-test-view.ftl"("en", UTF-8, parsed); will try to load it.
2022-05-20 00:07:33 DEBUG cache:45 - TemplateLoader.findTemplateSource("v3html/test-view/v3-html-test-view_en.ftl"): Not found
2022-05-20 00:07:33 DEBUG cache:45 - TemplateLoader.findTemplateSource("v3html/test-view/v3-html-test-view.ftl"): Found
2022-05-20 00:07:33 DEBUG cache:45 - Loading template for "v3html/test-view/v3-html-test-view.ftl"("en", UTF-8, parsed) from "jar:file:/C:/Users/nagin/.m2/repository/com/aventstack/extentreports/4.0.9/extentreports-4.0.9.jar!/com/aventstack/extentreports/view/v3html/test-view/v3-html-test-view.ftl"
2022-05-20 00:07:33 DEBUG cache:45 - Couldn't find template in cache for "v3html/test-view/v3-html-test-view-charts.ftl"("en", UTF-8, parsed); will try to load it.
2022-05-20 00:07:33 DEBUG cache:45 - TemplateLoader.findTemplateSource("v3html/test-view/v3-html-test-view-charts_en.ftl"): Not found
2022-05-20 00:07:33 DEBUG cache:45 - TemplateLoader.findTemplateSource("v3html/test-view/v3-html-test-view-charts.ftl"): Found
2022-05-20 00:07:33 DEBUG cache:45 - Loading template for "v3html/test-view/v3-html-test-view-charts.ftl"("en", UTF-8, parsed) from "jar:file:/C:/Users/nagin/.m2/repository/com/aventstack/extentreports/4.0.9/extentreports-4.0.9.jar!/com/aventstack/extentreports/view/v3html/test-view/v3-html-test-view-charts.ftl"
2022-05-20 00:07:33 DEBUG cache:45 - Couldn't find template in cache for "v3html/test-view/v3-html-standard.ftl"("en", UTF-8, parsed); will try to load it.
2022-05-20 00:07:33 DEBUG cache:45 - TemplateLoader.findTemplateSource("v3html/test-view/v3-html-standard_en.ftl"): Not found
2022-05-20 00:07:33 DEBUG cache:45 - TemplateLoader.findTemplateSource("v3html/test-view/v3-html-standard.ftl"): Found
2022-05-20 00:07:33 DEBUG cache:45 - Loading template for "v3html/test-view/v3-html-standard.ftl"("en", UTF-8, parsed) from "jar:file:/C:/Users/nagin/.m2/repository/com/aventstack/extentreports/4.0.9/extentreports-4.0.9.jar!/com/aventstack/extentreports/view/v3html/test-view/v3-html-standard.ftl"
2022-05-20 00:07:34 DEBUG cache:45 - "v3html/test-view/v3-html-standard.ftl"("en", UTF-8, parsed) cached copy not yet stale; using cached.
2022-05-20 00:07:34 DEBUG cache:45 - "v3html/test-view/v3-html-standard.ftl"("en", UTF-8, parsed) cached copy not yet stale; using cached.
2022-05-20 00:07:34 DEBUG cache:45 - Couldn't find template in cache for "v3html/category-view/v3-html-category-view.ftl"("en", UTF-8, parsed); will try to load it.
2022-05-20 00:07:34 DEBUG cache:45 - TemplateLoader.findTemplateSource("v3html/category-view/v3-html-category-view_en.ftl"): Not found
2022-05-20 00:07:34 DEBUG cache:45 - TemplateLoader.findTemplateSource("v3html/category-view/v3-html-category-view.ftl"): Found
2022-05-20 00:07:34 DEBUG cache:45 - Loading template for "v3html/category-view/v3-html-category-view.ftl"("en", UTF-8, parsed) from "jar:file:/C:/Users/nagin/.m2/repository/com/aventstack/extentreports/4.0.9/extentreports-4.0.9.jar!/com/aventstack/extentreports/view/v3html/category-view/v3-html-category-view.ftl"
2022-05-20 00:07:34 DEBUG cache:45 - Couldn't find template in cache for "v3html/exception-view/v3-html-exception-view.ftl"("en", UTF-8, parsed); will try to load it.
2022-05-20 00:07:34 DEBUG cache:45 - TemplateLoader.findTemplateSource("v3html/exception-view/v3-html-exception-view_en.ftl"): Not found
2022-05-20 00:07:34 DEBUG cache:45 - TemplateLoader.findTemplateSource("v3html/exception-view/v3-html-exception-view.ftl"): Found
2022-05-20 00:07:34 DEBUG cache:45 - Loading template for "v3html/exception-view/v3-html-exception-view.ftl"("en", UTF-8, parsed) from "jar:file:/C:/Users/nagin/.m2/repository/com/aventstack/extentreports/4.0.9/extentreports-4.0.9.jar!/com/aventstack/extentreports/view/v3html/exception-view/v3-html-exception-view.ftl"
2022-05-20 00:07:34 DEBUG cache:45 - Couldn't find template in cache for "v3html/author-view/v3-html-author-view.ftl"("en", UTF-8, parsed); will try to load it.
2022-05-20 00:07:34 DEBUG cache:45 - TemplateLoader.findTemplateSource("v3html/author-view/v3-html-author-view_en.ftl"): Not found
2022-05-20 00:07:34 DEBUG cache:45 - TemplateLoader.findTemplateSource("v3html/author-view/v3-html-author-view.ftl"): Found
2022-05-20 00:07:34 DEBUG cache:45 - Loading template for "v3html/author-view/v3-html-author-view.ftl"("en", UTF-8, parsed) from "jar:file:/C:/Users/nagin/.m2/repository/com/aventstack/extentreports/4.0.9/extentreports-4.0.9.jar!/com/aventstack/extentreports/view/v3html/author-view/v3-html-author-view.ftl"
2022-05-20 00:07:34 DEBUG cache:45 - Couldn't find template in cache for "v3html/dashboard-view/v3-html-dashboard-view.ftl"("en", UTF-8, parsed); will try to load it.
2022-05-20 00:07:34 DEBUG cache:45 - TemplateLoader.findTemplateSource("v3html/dashboard-view/v3-html-dashboard-view_en.ftl"): Not found
2022-05-20 00:07:34 DEBUG cache:45 - TemplateLoader.findTemplateSource("v3html/dashboard-view/v3-html-dashboard-view.ftl"): Found
2022-05-20 00:07:34 DEBUG cache:45 - Loading template for "v3html/dashboard-view/v3-html-dashboard-view.ftl"("en", UTF-8, parsed) from "jar:file:/C:/Users/nagin/.m2/repository/com/aventstack/extentreports/4.0.9/extentreports-4.0.9.jar!/com/aventstack/extentreports/view/v3html/dashboard-view/v3-html-dashboard-view.ftl"
2022-05-20 00:07:34 DEBUG cache:45 - Couldn't find template in cache for "v3html/logs-view/v3-html-testrunner-logs-view.ftl"("en", UTF-8, parsed); will try to load it.
2022-05-20 00:07:34 DEBUG cache:45 - TemplateLoader.findTemplateSource("v3html/logs-view/v3-html-testrunner-logs-view_en.ftl"): Not found
2022-05-20 00:07:34 DEBUG cache:45 - TemplateLoader.findTemplateSource("v3html/logs-view/v3-html-testrunner-logs-view.ftl"): Found
2022-05-20 00:07:34 DEBUG cache:45 - Loading template for "v3html/logs-view/v3-html-testrunner-logs-view.ftl"("en", UTF-8, parsed) from "jar:file:/C:/Users/nagin/.m2/repository/com/aventstack/extentreports/4.0.9/extentreports-4.0.9.jar!/com/aventstack/extentreports/view/v3html/logs-view/v3-html-testrunner-logs-view.ftl"
2022-05-20 00:13:28 INFO  Log:65 - =====================================verifyLogo TEST START=========================================
2022-05-20 00:13:30 INFO  Log:65 - =====================================verifyLogo TEST END=========================================
2022-05-20 00:13:58 INFO  Log:65 - =====================================verifyTitle TEST START=========================================
2022-05-20 00:13:58 INFO  Log:65 - =====================================verifyTitle TEST END=========================================
2022-05-20 00:14:37 INFO  Log:65 - =====================================verifyLogo TEST START=========================================
2022-05-20 00:14:41 INFO  Log:65 - =====================================verifyLogo TEST END=========================================
2022-05-20 00:15:21 INFO  Log:65 - =====================================verifyTitle TEST START=========================================
2022-05-20 00:15:21 INFO  Log:65 - =====================================verifyTitle TEST END=========================================
